<?xml version="1.0" encoding="utf-8"?>
<?AutomationStudio Version="4.9.2.46"?>
<Objects>
  <Object
    Path="C:\Users\loup.sonneville\Documents\Github\SN2_SFL4Manitou_23\Loup SONNEVILLE\automation studio\BDD\Logical\Package.pkg"
    LogicalPath=""
    Type="Package.ParentUnknown"
    LastWriteTime="133243927951758549" />
  <Object
    Path="C:\Users\loup.sonneville\Documents\Github\SN2_SFL4Manitou_23\Loup SONNEVILLE\automation studio\BDD\Temp\Includes\AS_TempDecl\Config1\GlobalComponents\MpComponents.var"
    LogicalPath="MpComponents.var"
    Type="File"
    LastWriteTime="133240531969920745"
    Private="false" />
  <Object
    Path="C:\Users\loup.sonneville\Documents\Github\SN2_SFL4Manitou_23\Loup SONNEVILLE\automation studio\BDD\Logical\Global.typ"
    LogicalPath="Global.typ"
    Type="File"
    LastWriteTime="133238788475009613"
    Private="false" />
  <Object
    Path="C:\Users\loup.sonneville\Documents\Github\SN2_SFL4Manitou_23\Loup SONNEVILLE\automation studio\BDD\Logical\Global.var"
    LogicalPath="Global.var"
    Type="File"
    LastWriteTime="133238788475699736"
    Private="false" />
  <Object
    Path="C:\Users\loup.sonneville\Documents\Github\SN2_SFL4Manitou_23\Loup SONNEVILLE\automation studio\BDD\Logical\Libraries\Package.pkg"
    LogicalPath="Libraries"
    Type="Package"
    LastWriteTime="133238788548267503" />
  <Object
    Path="C:\Users\loup.sonneville\Documents\Github\SN2_SFL4Manitou_23\Loup SONNEVILLE\automation studio\BDD\Logical\Libraries\operator\binary.lby"
    LogicalPath="Libraries.operator"
    Type="Library"
    LastWriteTime="133238788519973191" />
  <Object
    Path="C:\Users\loup.sonneville\Documents\Github\SN2_SFL4Manitou_23\Loup SONNEVILLE\automation studio\BDD\Logical\Libraries\operator\operator.fun"
    LogicalPath="Libraries.operator.operator.fun"
    Type="File"
    LastWriteTime="133238788519660721"
    Private="false" />
  <Object
    Path="C:\Users\loup.sonneville\Documents\Github\SN2_SFL4Manitou_23\Loup SONNEVILLE\automation studio\BDD\Logical\Libraries\operator\operator.typ"
    LogicalPath="Libraries.operator.operator.typ"
    Type="File"
    LastWriteTime="133238788519816973"
    Private="false" />
  <Object
    Path="C:\Users\loup.sonneville\Documents\Github\SN2_SFL4Manitou_23\Loup SONNEVILLE\automation studio\BDD\Logical\Libraries\operator\operator.var"
    LogicalPath="Libraries.operator.operator.var"
    Type="File"
    LastWriteTime="133238788519973191"
    Private="false" />
  <Object
    Path="C:\Users\loup.sonneville\Documents\Github\SN2_SFL4Manitou_23\Loup SONNEVILLE\automation studio\BDD\Logical\Libraries\runtime\binary.lby"
    LogicalPath="Libraries.runtime"
    Type="Library"
    LastWriteTime="133238788528996495" />
  <Object
    Path="C:\Users\loup.sonneville\Documents\Github\SN2_SFL4Manitou_23\Loup SONNEVILLE\automation studio\BDD\Logical\Libraries\runtime\runtime.fun"
    LogicalPath="Libraries.runtime.runtime.fun"
    Type="File"
    LastWriteTime="133238788528684024"
    Private="false" />
  <Object
    Path="C:\Users\loup.sonneville\Documents\Github\SN2_SFL4Manitou_23\Loup SONNEVILLE\automation studio\BDD\Logical\Libraries\runtime\runtime.typ"
    LogicalPath="Libraries.runtime.runtime.typ"
    Type="File"
    LastWriteTime="133238788528840265"
    Private="false" />
  <Object
    Path="C:\Users\loup.sonneville\Documents\Github\SN2_SFL4Manitou_23\Loup SONNEVILLE\automation studio\BDD\Logical\Libraries\runtime\runtime.var"
    LogicalPath="Libraries.runtime.runtime.var"
    Type="File"
    LastWriteTime="133238788528996495"
    Private="false" />
  <Object
    Path="C:\Users\loup.sonneville\Documents\Github\SN2_SFL4Manitou_23\Loup SONNEVILLE\automation studio\BDD\Logical\Libraries\astime\binary.lby"
    LogicalPath="Libraries.astime"
    Type="Library"
    LastWriteTime="133238788538397354" />
  <Object
    Path="C:\Users\loup.sonneville\Documents\Github\SN2_SFL4Manitou_23\Loup SONNEVILLE\automation studio\BDD\Logical\Libraries\astime\astime.fun"
    LogicalPath="Libraries.astime.astime.fun"
    Type="File"
    LastWriteTime="133238788538019699"
    Private="false" />
  <Object
    Path="C:\Users\loup.sonneville\Documents\Github\SN2_SFL4Manitou_23\Loup SONNEVILLE\automation studio\BDD\Logical\Libraries\astime\astime.typ"
    LogicalPath="Libraries.astime.astime.typ"
    Type="File"
    LastWriteTime="133238788538241053"
    Private="false" />
  <Object
    Path="C:\Users\loup.sonneville\Documents\Github\SN2_SFL4Manitou_23\Loup SONNEVILLE\automation studio\BDD\Logical\Libraries\astime\astime.var"
    LogicalPath="Libraries.astime.astime.var"
    Type="File"
    LastWriteTime="133238788538241053"
    Private="false" />
  <Object
    Path="C:\Users\loup.sonneville\Documents\Github\SN2_SFL4Manitou_23\Loup SONNEVILLE\automation studio\BDD\Logical\Libraries\AsIecCon\binary.lby"
    LogicalPath="Libraries.AsIecCon"
    Type="Library"
    LastWriteTime="133238788548046156" />
  <Object
    Path="C:\Users\loup.sonneville\Documents\Github\SN2_SFL4Manitou_23\Loup SONNEVILLE\automation studio\BDD\Logical\Libraries\AsIecCon\AsIecCon.fun"
    LogicalPath="Libraries.AsIecCon.AsIecCon.fun"
    Type="File"
    LastWriteTime="133238788547577467"
    Private="false" />
  <Object
    Path="C:\Users\loup.sonneville\Documents\Github\SN2_SFL4Manitou_23\Loup SONNEVILLE\automation studio\BDD\Logical\Libraries\AsIecCon\AsIecCon.typ"
    LogicalPath="Libraries.AsIecCon.AsIecCon.typ"
    Type="File"
    LastWriteTime="133238788547890007"
    Private="false" />
  <Object
    Path="C:\Users\loup.sonneville\Documents\Github\SN2_SFL4Manitou_23\Loup SONNEVILLE\automation studio\BDD\Logical\Libraries\AsIecCon\AsIecCon.var"
    LogicalPath="Libraries.AsIecCon.AsIecCon.var"
    Type="File"
    LastWriteTime="133238788547890007"
    Private="false" />
  <Object
    Path="C:\Users\loup.sonneville\Documents\Github\SN2_SFL4Manitou_23\Loup SONNEVILLE\automation studio\BDD\Logical\MpDatabase\Binary.lby"
    LogicalPath="MpDatabase"
    Type="Library"
    LastWriteTime="133238800545470482" />
  <Object
    Path="C:\Users\loup.sonneville\Documents\Github\SN2_SFL4Manitou_23\Loup SONNEVILLE\automation studio\BDD\Logical\MpDatabase\MpDatabase.typ"
    LogicalPath="MpDatabase.MpDatabase.typ"
    Type="File"
    LastWriteTime="133238800545157975"
    Private="false" />
  <Object
    Path="C:\Users\loup.sonneville\Documents\Github\SN2_SFL4Manitou_23\Loup SONNEVILLE\automation studio\BDD\Logical\MpDatabase\MpDatabaseError.typ"
    LogicalPath="MpDatabase.MpDatabaseError.typ"
    Type="File"
    LastWriteTime="133238800545314233"
    Private="false" />
  <Object
    Path="C:\Users\loup.sonneville\Documents\Github\SN2_SFL4Manitou_23\Loup SONNEVILLE\automation studio\BDD\Logical\MpDatabase\MpDatabase.fun"
    LogicalPath="MpDatabase.MpDatabase.fun"
    Type="File"
    LastWriteTime="133238800545314233"
    Private="false" />
  <Object
    Path="C:\Users\loup.sonneville\Documents\Github\SN2_SFL4Manitou_23\Loup SONNEVILLE\automation studio\BDD\Logical\MpBase\Binary.lby"
    LogicalPath="MpBase"
    Type="Library"
    LastWriteTime="133238800546473069" />
  <Object
    Path="C:\Users\loup.sonneville\Documents\Github\SN2_SFL4Manitou_23\Loup SONNEVILLE\automation studio\BDD\Logical\MpBase\MpBase.typ"
    LogicalPath="MpBase.MpBase.typ"
    Type="File"
    LastWriteTime="133238800546160587"
    Private="false" />
  <Object
    Path="C:\Users\loup.sonneville\Documents\Github\SN2_SFL4Manitou_23\Loup SONNEVILLE\automation studio\BDD\Logical\MpBase\MpBase.var"
    LogicalPath="MpBase.MpBase.var"
    Type="File"
    LastWriteTime="133238800546160587"
    Private="false" />
  <Object
    Path="C:\Users\loup.sonneville\Documents\Github\SN2_SFL4Manitou_23\Loup SONNEVILLE\automation studio\BDD\Logical\MpBase\MpBase.fun"
    LogicalPath="MpBase.MpBase.fun"
    Type="File"
    LastWriteTime="133238800546316824"
    Private="false" />
  <Object
    Path="C:\Users\loup.sonneville\Documents\Github\SN2_SFL4Manitou_23\Loup SONNEVILLE\automation studio\BDD\Logical\MpBase\Common_EventLog.tmx"
    LogicalPath="MpBase.Common_EventLog.tmx"
    Type="File"
    LastWriteTime="133238800546316824"
    Private="false" />
  <Object
    Path="C:\Users\loup.sonneville\Documents\Github\SN2_SFL4Manitou_23\Loup SONNEVILLE\automation studio\BDD\Logical\AsHttp\binary.lby"
    LogicalPath="AsHttp"
    Type="Library"
    LastWriteTime="133238800547788170" />
  <Object
    Path="C:\Users\loup.sonneville\Documents\Github\SN2_SFL4Manitou_23\Loup SONNEVILLE\automation studio\BDD\Logical\AsHttp\AsHttp.fun"
    LogicalPath="AsHttp.AsHttp.fun"
    Type="File"
    LastWriteTime="133238800547475674"
    Private="false" />
  <Object
    Path="C:\Users\loup.sonneville\Documents\Github\SN2_SFL4Manitou_23\Loup SONNEVILLE\automation studio\BDD\Logical\AsHttp\AsHttp.typ"
    LogicalPath="AsHttp.AsHttp.typ"
    Type="File"
    LastWriteTime="133238800547631942"
    Private="false" />
  <Object
    Path="C:\Users\loup.sonneville\Documents\Github\SN2_SFL4Manitou_23\Loup SONNEVILLE\automation studio\BDD\Logical\AsHttp\AsHttp.var"
    LogicalPath="AsHttp.AsHttp.var"
    Type="File"
    LastWriteTime="133238800547788170"
    Private="false" />
  <Object
    Path="C:\Users\loup.sonneville\Documents\Github\SN2_SFL4Manitou_23\Loup SONNEVILLE\automation studio\BDD\Logical\MDatabase\IEC.prg"
    LogicalPath="MDatabase"
    Type="Program"
    LastWriteTime="133240544101286500" />
  <Object
    Path="C:\Users\loup.sonneville\Documents\Github\SN2_SFL4Manitou_23\Loup SONNEVILLE\automation studio\BDD\Logical\MDatabase\Types.typ"
    LogicalPath="MDatabase.Types.typ"
    Type="File"
    LastWriteTime="133240542356792913"
    Private="true" />
  <Object
    Path="C:\Users\loup.sonneville\Documents\Github\SN2_SFL4Manitou_23\Loup SONNEVILLE\automation studio\BDD\Logical\MDatabase\Variables.var"
    LogicalPath="MDatabase.Variables.var"
    Type="File"
    LastWriteTime="133245669769959190"
    Private="true" />
  <Object
    Path="C:\Users\loup.sonneville\Documents\Github\SN2_SFL4Manitou_23\Loup SONNEVILLE\automation studio\BDD\Logical\MDatabase\Cyclic.ld"
    LogicalPath="MDatabase.Cyclic.ld"
    Type="File"
    LastWriteTime="133245695159157609"
    Private="false" />
  <Object
    Path="C:\Users\loup.sonneville\Documents\Github\SN2_SFL4Manitou_23\Loup SONNEVILLE\automation studio\BDD\Logical\MDatabase\Exit.ld"
    LogicalPath="MDatabase.Exit.ld"
    Type="File"
    LastWriteTime="133245666796424070"
    Private="false" />
  <Object
    Path="C:\Users\loup.sonneville\Documents\Github\SN2_SFL4Manitou_23\Loup SONNEVILLE\automation studio\BDD\Logical\MDatabase\Init.ld"
    LogicalPath="MDatabase.Init.ld"
    Type="File"
    LastWriteTime="133245666797295248"
    Private="false" />
  <Object
    Path="C:\Users\loup.sonneville\Documents\Github\SN2_SFL4Manitou_23\Loup SONNEVILLE\automation studio\BDD\Physical\Config1\Config.pkg"
    LogicalPath="Config1"
    Type="Configuration.ParentUnknown"
    LastWriteTime="133238788762819649" />
  <Object
    Path="C:\Users\loup.sonneville\Documents\Github\SN2_SFL4Manitou_23\Loup SONNEVILLE\automation studio\BDD\Physical\Config1\Hardware.hw"
    LogicalPath="Config1.Hardware.hw"
    Type="File"
    LastWriteTime="133245669212753818"
    Private="false" />
  <Object
    Path="C:\Users\loup.sonneville\Documents\Github\SN2_SFL4Manitou_23\Loup SONNEVILLE\automation studio\BDD\Physical\Config1\Hardware.hwl"
    LogicalPath="Config1.Hardware.hwl"
    Type="File"
    LastWriteTime="133246502919913664"
    Private="false" />
  <Object
    Path="C:\Users\loup.sonneville\Documents\Github\SN2_SFL4Manitou_23\Loup SONNEVILLE\automation studio\BDD\Physical\Config1\X90CP174_24_00\Cpu.pkg"
    LogicalPath="Config1.X90CP174_24_00"
    Type="Cpu"
    LastWriteTime="133238788661204169" />
  <Object
    Path="C:\Users\loup.sonneville\Documents\Github\SN2_SFL4Manitou_23\Loup SONNEVILLE\automation studio\BDD\Physical\Config1\X90CP174_24_00\Cpu.sw"
    LogicalPath="Config1.X90CP174_24_00.Cpu.sw"
    Type="File"
    LastWriteTime="133243927954724297"
    Private="false" />
  <Object
    Path="C:\Users\loup.sonneville\Documents\Github\SN2_SFL4Manitou_23\Loup SONNEVILLE\automation studio\BDD\Physical\Config1\X90CP174_24_00\Cpu.per"
    LogicalPath="Config1.X90CP174_24_00.Cpu.per"
    Type="File"
    LastWriteTime="133238788655882869"
    Private="false" />
  <Object
    Path="C:\Users\loup.sonneville\Documents\Github\SN2_SFL4Manitou_23\Loup SONNEVILLE\automation studio\BDD\Physical\Config1\X90CP174_24_00\IoMap.iom"
    LogicalPath="Config1.X90CP174_24_00.IoMap.iom"
    Type="File"
    LastWriteTime="133238788655882869"
    Private="false" />
  <Object
    Path="C:\Users\loup.sonneville\Documents\Github\SN2_SFL4Manitou_23\Loup SONNEVILLE\automation studio\BDD\Physical\Config1\X90CP174_24_00\PvMap.vvm"
    LogicalPath="Config1.X90CP174_24_00.PvMap.vvm"
    Type="File"
    LastWriteTime="133238788656039106"
    Private="false" />
  <Object
    Path="C:\Users\loup.sonneville\Documents\Github\SN2_SFL4Manitou_23\Loup SONNEVILLE\automation studio\BDD\Physical\Config1\X90CP174_24_00\Connectivity\Package.pkg"
    LogicalPath="Config1.X90CP174_24_00.Connectivity"
    Type="Package"
    LastWriteTime="133238788657883958" />
  <Object
    Path="C:\Users\loup.sonneville\Documents\Github\SN2_SFL4Manitou_23\Loup SONNEVILLE\automation studio\BDD\Physical\Config1\X90CP174_24_00\Connectivity\OpcUA\Package.pkg"
    LogicalPath="Config1.X90CP174_24_00.Connectivity.OpcUA"
    Type="Package"
    LastWriteTime="133238788657727704" />
  <Object
    Path="C:\Users\loup.sonneville\Documents\Github\SN2_SFL4Manitou_23\Loup SONNEVILLE\automation studio\BDD\Physical\Config1\X90CP174_24_00\TextSystem\Package.pkg"
    LogicalPath="Config1.X90CP174_24_00.TextSystem"
    Type="Package"
    LastWriteTime="133238788658040209" />
  <Object
    Path="C:\Users\loup.sonneville\Documents\Github\SN2_SFL4Manitou_23\Loup SONNEVILLE\automation studio\BDD\Physical\Config1\X90CP174_24_00\UnitSystem\Package.pkg"
    LogicalPath="Config1.X90CP174_24_00.UnitSystem"
    Type="Package"
    LastWriteTime="133238788658196458" />
  <Object
    Path="C:\Users\loup.sonneville\Documents\Github\SN2_SFL4Manitou_23\Loup SONNEVILLE\automation studio\BDD\Physical\Config1\X90CP174_24_00\AccessAndSecurity\Package.pkg"
    LogicalPath="Config1.X90CP174_24_00.AccessAndSecurity"
    Type="Package"
    LastWriteTime="133238788659889118" />
  <Object
    Path="C:\Users\loup.sonneville\Documents\Github\SN2_SFL4Manitou_23\Loup SONNEVILLE\automation studio\BDD\Physical\Config1\X90CP174_24_00\AccessAndSecurity\UserRoleSystem\Package.pkg"
    LogicalPath="Config1.X90CP174_24_00.AccessAndSecurity.UserRoleSystem"
    Type="Package"
    LastWriteTime="133238788658573990" />
  <Object
    Path="C:\Users\loup.sonneville\Documents\Github\SN2_SFL4Manitou_23\Loup SONNEVILLE\automation studio\BDD\Physical\Config1\X90CP174_24_00\AccessAndSecurity\UserRoleSystem\Role.role"
    LogicalPath="Config1.X90CP174_24_00.AccessAndSecurity.UserRoleSystem.Role.role"
    Type="File"
    LastWriteTime="133238788658508934"
    Private="false" />
  <Object
    Path="C:\Users\loup.sonneville\Documents\Github\SN2_SFL4Manitou_23\Loup SONNEVILLE\automation studio\BDD\Physical\Config1\X90CP174_24_00\AccessAndSecurity\UserRoleSystem\User.user"
    LogicalPath="Config1.X90CP174_24_00.AccessAndSecurity.UserRoleSystem.User.user"
    Type="File"
    LastWriteTime="133238788658573990"
    Private="false" />
  <Object
    Path="C:\Users\loup.sonneville\Documents\Github\SN2_SFL4Manitou_23\Loup SONNEVILLE\automation studio\BDD\Physical\Config1\X90CP174_24_00\AccessAndSecurity\CertificateStore\Package.pkg"
    LogicalPath="Config1.X90CP174_24_00.AccessAndSecurity.CertificateStore"
    Type="Package"
    LastWriteTime="133238788659576578" />
  <Object
    Path="C:\Users\loup.sonneville\Documents\Github\SN2_SFL4Manitou_23\Loup SONNEVILLE\automation studio\BDD\Physical\Config1\X90CP174_24_00\AccessAndSecurity\CertificateStore\OwnCertificates\Package.pkg"
    LogicalPath="Config1.X90CP174_24_00.AccessAndSecurity.CertificateStore.OwnCertificates"
    Type="Package"
    LastWriteTime="133238788659042861" />
  <Object
    Path="C:\Users\loup.sonneville\Documents\Github\SN2_SFL4Manitou_23\Loup SONNEVILLE\automation studio\BDD\Physical\Config1\X90CP174_24_00\AccessAndSecurity\CertificateStore\OwnCertificates\Certificates\Package.pkg"
    LogicalPath="Config1.X90CP174_24_00.AccessAndSecurity.CertificateStore.OwnCertificates.Certificates"
    Type="Package"
    LastWriteTime="133238788658886534" />
  <Object
    Path="C:\Users\loup.sonneville\Documents\Github\SN2_SFL4Manitou_23\Loup SONNEVILLE\automation studio\BDD\Physical\Config1\X90CP174_24_00\AccessAndSecurity\CertificateStore\OwnCertificates\PrivateKeys\Package.pkg"
    LogicalPath="Config1.X90CP174_24_00.AccessAndSecurity.CertificateStore.OwnCertificates.PrivateKeys"
    Type="Package"
    LastWriteTime="133238788659042861" />
  <Object
    Path="C:\Users\loup.sonneville\Documents\Github\SN2_SFL4Manitou_23\Loup SONNEVILLE\automation studio\BDD\Physical\Config1\X90CP174_24_00\AccessAndSecurity\CertificateStore\ThirdPartyCertificates\Package.pkg"
    LogicalPath="Config1.X90CP174_24_00.AccessAndSecurity.CertificateStore.ThirdPartyCertificates"
    Type="Package"
    LastWriteTime="133238788659199024" />
  <Object
    Path="C:\Users\loup.sonneville\Documents\Github\SN2_SFL4Manitou_23\Loup SONNEVILLE\automation studio\BDD\Physical\Config1\X90CP174_24_00\AccessAndSecurity\CertificateStore\ThirdPartyCertificates\SoftwareCertificates\Package.pkg"
    LogicalPath="Config1.X90CP174_24_00.AccessAndSecurity.CertificateStore.ThirdPartyCertificates.SoftwareCertificates"
    Type="Package"
    LastWriteTime="133238788659199024" />
  <Object
    Path="C:\Users\loup.sonneville\Documents\Github\SN2_SFL4Manitou_23\Loup SONNEVILLE\automation studio\BDD\Physical\Config1\X90CP174_24_00\AccessAndSecurity\CertificateStore\CertificateRevocationLists\Package.pkg"
    LogicalPath="Config1.X90CP174_24_00.AccessAndSecurity.CertificateStore.CertificateRevocationLists"
    Type="Package"
    LastWriteTime="133238788659355267" />
  <Object
    Path="C:\Users\loup.sonneville\Documents\Github\SN2_SFL4Manitou_23\Loup SONNEVILLE\automation studio\BDD\Physical\Config1\X90CP174_24_00\AccessAndSecurity\CertificateStore\CertificateSigningRequests\Package.pkg"
    LogicalPath="Config1.X90CP174_24_00.AccessAndSecurity.CertificateStore.CertificateSigningRequests"
    Type="Package"
    LastWriteTime="133238788659511521" />
  <Object
    Path="C:\Users\loup.sonneville\Documents\Github\SN2_SFL4Manitou_23\Loup SONNEVILLE\automation studio\BDD\Physical\Config1\X90CP174_24_00\AccessAndSecurity\TransportLayerSecurity\Package.pkg"
    LogicalPath="Config1.X90CP174_24_00.AccessAndSecurity.TransportLayerSecurity"
    Type="Package"
    LastWriteTime="133238788659576578" />
  <Object
    Path="C:\Users\loup.sonneville\Documents\Github\SN2_SFL4Manitou_23\Loup SONNEVILLE\automation studio\BDD\Physical\Config1\X90CP174_24_00\AccessAndSecurity\Firewall\Package.pkg"
    LogicalPath="Config1.X90CP174_24_00.AccessAndSecurity.Firewall"
    Type="Package"
    LastWriteTime="133238788659889118" />
  <Object
    Path="C:\Users\loup.sonneville\Documents\Github\SN2_SFL4Manitou_23\Loup SONNEVILLE\automation studio\BDD\Physical\Config1\X90CP174_24_00\AccessAndSecurity\Firewall\Rules.firewallRules"
    LogicalPath="Config1.X90CP174_24_00.AccessAndSecurity.Firewall.Rules.firewallRules"
    Type="File"
    LastWriteTime="133238788659889118"
    Private="false" />
  <Object
    Path="C:\Users\loup.sonneville\Documents\Github\SN2_SFL4Manitou_23\Loup SONNEVILLE\automation studio\BDD\Physical\Config1\X90CP174_24_00\mappControl\Package.pkg"
    LogicalPath="Config1.X90CP174_24_00.mappControl"
    Type="Package"
    LastWriteTime="133238788660045359" />
  <Object
    Path="C:\Users\loup.sonneville\Documents\Github\SN2_SFL4Manitou_23\Loup SONNEVILLE\automation studio\BDD\Physical\Config1\X90CP174_24_00\mappMotion\Package.pkg"
    LogicalPath="Config1.X90CP174_24_00.mappMotion"
    Type="Package"
    LastWriteTime="133238788660201607" />
  <Object
    Path="C:\Users\loup.sonneville\Documents\Github\SN2_SFL4Manitou_23\Loup SONNEVILLE\automation studio\BDD\Physical\Config1\X90CP174_24_00\mappServices\Package.pkg"
    LogicalPath="Config1.X90CP174_24_00.mappServices"
    Type="Package"
    LastWriteTime="133240531968953061" />
  <Object
    Path="C:\Users\loup.sonneville\Documents\Github\SN2_SFL4Manitou_23\Loup SONNEVILLE\automation studio\BDD\Physical\Config1\X90CP174_24_00\mappServices\Config.mpdatabasecore"
    LogicalPath="Config1.X90CP174_24_00.mappServices.Config.mpdatabasecore"
    Type="File"
    LastWriteTime="133238892435343106"
    Private="false" />
  <Object
    Path="C:\Users\loup.sonneville\Documents\Github\SN2_SFL4Manitou_23\Loup SONNEVILLE\automation studio\BDD\Physical\Config1\X90CP174_24_00\mappSafety\Package.pkg"
    LogicalPath="Config1.X90CP174_24_00.mappSafety"
    Type="Package"
    LastWriteTime="133238788660735435" />
  <Object
    Path="C:\Users\loup.sonneville\Documents\Github\SN2_SFL4Manitou_23\Loup SONNEVILLE\automation studio\BDD\Physical\Config1\X90CP174_24_00\mappSafety\SafeApplication\Package.pkg"
    LogicalPath="Config1.X90CP174_24_00.mappSafety.SafeApplication"
    Type="Package"
    LastWriteTime="133238788660579139" />
  <Object
    Path="C:\Users\loup.sonneville\Documents\Github\SN2_SFL4Manitou_23\Loup SONNEVILLE\automation studio\BDD\Physical\Config1\X90CP174_24_00\mappSafety\SafeCommissioning\Package.pkg"
    LogicalPath="Config1.X90CP174_24_00.mappSafety.SafeCommissioning"
    Type="Package"
    LastWriteTime="133238788660735435" />
  <Object
    Path="C:\Users\loup.sonneville\Documents\Github\SN2_SFL4Manitou_23\Loup SONNEVILLE\automation studio\BDD\Physical\Config1\X90CP174_24_00\mappView\Package.pkg"
    LogicalPath="Config1.X90CP174_24_00.mappView"
    Type="Package"
    LastWriteTime="133238788660891679" />
  <Object
    Path="C:\Users\loup.sonneville\Documents\Github\SN2_SFL4Manitou_23\Loup SONNEVILLE\automation studio\BDD\Physical\Config1\X90CP174_24_00\mappVision\Package.pkg"
    LogicalPath="Config1.X90CP174_24_00.mappVision"
    Type="Package"
    LastWriteTime="133238788661047924" />
  <Object
    Path="C:\Users\loup.sonneville\Documents\Github\SN2_SFL4Manitou_23\Loup SONNEVILLE\automation studio\BDD\Physical\Config1\X90CP174_24_00\mappCockpit\Package.pkg"
    LogicalPath="Config1.X90CP174_24_00.mappCockpit"
    Type="Package"
    LastWriteTime="133238788661204169" />
  <Object
    Path="C:\Users\loup.sonneville\Documents\Github\SN2_SFL4Manitou_23\Loup SONNEVILLE\automation studio\BDD\Physical\Config1\Hardware.jpg"
    LogicalPath="Config1.Hardware.jpg"
    Type="File"
    LastWriteTime="133246502921624968"
    Private="false" />
</Objects>