C:\Users\loup.sonneville\Documents\Github\SN2_SFL4Manitou_23\Loup SONNEVILLE\automation studio\BDD\Temp\Includes\AS_TempDecl\Config1\GlobalComponents\MpComponents.var
C:\Users\loup.sonneville\Documents\Github\SN2_SFL4Manitou_23\Loup SONNEVILLE\automation studio\BDD\Logical\Global.typ
C:\Users\loup.sonneville\Documents\Github\SN2_SFL4Manitou_23\Loup SONNEVILLE\automation studio\BDD\Logical\Global.var
C:\Users\loup.sonneville\Documents\Github\SN2_SFL4Manitou_23\Loup SONNEVILLE\automation studio\BDD\Logical\Libraries\operator\operator.fun
C:\Users\loup.sonneville\Documents\Github\SN2_SFL4Manitou_23\Loup SONNEVILLE\automation studio\BDD\Logical\Libraries\operator\operator.typ
C:\Users\loup.sonneville\Documents\Github\SN2_SFL4Manitou_23\Loup SONNEVILLE\automation studio\BDD\Logical\Libraries\operator\operator.var
C:\Users\loup.sonneville\Documents\Github\SN2_SFL4Manitou_23\Loup SONNEVILLE\automation studio\BDD\Logical\Libraries\runtime\runtime.fun
C:\Users\loup.sonneville\Documents\Github\SN2_SFL4Manitou_23\Loup SONNEVILLE\automation studio\BDD\Logical\Libraries\runtime\runtime.typ
C:\Users\loup.sonneville\Documents\Github\SN2_SFL4Manitou_23\Loup SONNEVILLE\automation studio\BDD\Logical\Libraries\runtime\runtime.var
C:\Users\loup.sonneville\Documents\Github\SN2_SFL4Manitou_23\Loup SONNEVILLE\automation studio\BDD\Logical\Libraries\astime\astime.fun
C:\Users\loup.sonneville\Documents\Github\SN2_SFL4Manitou_23\Loup SONNEVILLE\automation studio\BDD\Logical\Libraries\astime\astime.typ
C:\Users\loup.sonneville\Documents\Github\SN2_SFL4Manitou_23\Loup SONNEVILLE\automation studio\BDD\Logical\Libraries\astime\astime.var
C:\Users\loup.sonneville\Documents\Github\SN2_SFL4Manitou_23\Loup SONNEVILLE\automation studio\BDD\Logical\Libraries\AsIecCon\AsIecCon.fun
C:\Users\loup.sonneville\Documents\Github\SN2_SFL4Manitou_23\Loup SONNEVILLE\automation studio\BDD\Logical\Libraries\AsIecCon\AsIecCon.typ
C:\Users\loup.sonneville\Documents\Github\SN2_SFL4Manitou_23\Loup SONNEVILLE\automation studio\BDD\Logical\Libraries\AsIecCon\AsIecCon.var
C:\Users\loup.sonneville\Documents\Github\SN2_SFL4Manitou_23\Loup SONNEVILLE\automation studio\BDD\Logical\MpDatabase\MpDatabase.typ
C:\Users\loup.sonneville\Documents\Github\SN2_SFL4Manitou_23\Loup SONNEVILLE\automation studio\BDD\Logical\MpDatabase\MpDatabaseError.typ
C:\Users\loup.sonneville\Documents\Github\SN2_SFL4Manitou_23\Loup SONNEVILLE\automation studio\BDD\Logical\MpDatabase\MpDatabase.fun
C:\Users\loup.sonneville\Documents\Github\SN2_SFL4Manitou_23\Loup SONNEVILLE\automation studio\BDD\Logical\MpBase\MpBase.typ
C:\Users\loup.sonneville\Documents\Github\SN2_SFL4Manitou_23\Loup SONNEVILLE\automation studio\BDD\Logical\MpBase\MpBase.var
C:\Users\loup.sonneville\Documents\Github\SN2_SFL4Manitou_23\Loup SONNEVILLE\automation studio\BDD\Logical\MpBase\MpBase.fun
C:\Users\loup.sonneville\Documents\Github\SN2_SFL4Manitou_23\Loup SONNEVILLE\automation studio\BDD\Logical\AsHttp\AsHttp.fun
C:\Users\loup.sonneville\Documents\Github\SN2_SFL4Manitou_23\Loup SONNEVILLE\automation studio\BDD\Logical\AsHttp\AsHttp.typ
C:\Users\loup.sonneville\Documents\Github\SN2_SFL4Manitou_23\Loup SONNEVILLE\automation studio\BDD\Logical\AsHttp\AsHttp.var
