<?xml version="1.0" encoding="utf-8"?>
<?AutomationStudio Version="4.9.2.46"?>
<Objects>
  <Object
    Path="C:\Users\loup.sonneville\Documents\Github\SN2_SFL4Manitou_23\Loup SONNEVILLE\automation studio\SFL4_230526\Logical\Package.pkg"
    LogicalPath=""
    Type="Package.ParentUnknown"
    LastWriteTime="133295673274489110" />
  <Object
    Path="C:\Users\loup.sonneville\Documents\Github\SN2_SFL4Manitou_23\Loup SONNEVILLE\automation studio\SFL4_230526\Temp\Includes\AS_TempDecl\Config1\GlobalComponents\MpComponents.var"
    LogicalPath="MpComponents.var"
    Type="File"
    LastWriteTime="133295671855795679"
    Private="false" />
  <Object
    Path="C:\Users\loup.sonneville\Documents\Github\SN2_SFL4Manitou_23\Loup SONNEVILLE\automation studio\SFL4_230526\Logical\Global.typ"
    LogicalPath="Global.typ"
    Type="File"
    LastWriteTime="133295666409912898"
    Private="false" />
  <Object
    Path="C:\Users\loup.sonneville\Documents\Github\SN2_SFL4Manitou_23\Loup SONNEVILLE\automation studio\SFL4_230526\Logical\Global.var"
    LogicalPath="Global.var"
    Type="File"
    LastWriteTime="133295666410290390"
    Private="false" />
  <Object
    Path="C:\Users\loup.sonneville\Documents\Github\SN2_SFL4Manitou_23\Loup SONNEVILLE\automation studio\SFL4_230526\Logical\Libraries\Package.pkg"
    LogicalPath="Libraries"
    Type="Package"
    LastWriteTime="133295671953171150" />
  <Object
    Path="C:\Users\loup.sonneville\Documents\Github\SN2_SFL4Manitou_23\Loup SONNEVILLE\automation studio\SFL4_230526\Logical\Libraries\operator\binary.lby"
    LogicalPath="Libraries.operator"
    Type="Library"
    LastWriteTime="133295666438298282" />
  <Object
    Path="C:\Users\loup.sonneville\Documents\Github\SN2_SFL4Manitou_23\Loup SONNEVILLE\automation studio\SFL4_230526\Logical\Libraries\operator\operator.fun"
    LogicalPath="Libraries.operator.operator.fun"
    Type="File"
    LastWriteTime="133295666437985811"
    Private="false" />
  <Object
    Path="C:\Users\loup.sonneville\Documents\Github\SN2_SFL4Manitou_23\Loup SONNEVILLE\automation studio\SFL4_230526\Logical\Libraries\operator\operator.typ"
    LogicalPath="Libraries.operator.operator.typ"
    Type="File"
    LastWriteTime="133295666438142041"
    Private="false" />
  <Object
    Path="C:\Users\loup.sonneville\Documents\Github\SN2_SFL4Manitou_23\Loup SONNEVILLE\automation studio\SFL4_230526\Logical\Libraries\operator\operator.var"
    LogicalPath="Libraries.operator.operator.var"
    Type="File"
    LastWriteTime="133295666438142041"
    Private="false" />
  <Object
    Path="C:\Users\loup.sonneville\Documents\Github\SN2_SFL4Manitou_23\Loup SONNEVILLE\automation studio\SFL4_230526\Logical\Libraries\runtime\binary.lby"
    LogicalPath="Libraries.runtime"
    Type="Library"
    LastWriteTime="133295666447855513" />
  <Object
    Path="C:\Users\loup.sonneville\Documents\Github\SN2_SFL4Manitou_23\Loup SONNEVILLE\automation studio\SFL4_230526\Logical\Libraries\runtime\runtime.fun"
    LogicalPath="Libraries.runtime.runtime.fun"
    Type="File"
    LastWriteTime="133295666447386723"
    Private="false" />
  <Object
    Path="C:\Users\loup.sonneville\Documents\Github\SN2_SFL4Manitou_23\Loup SONNEVILLE\automation studio\SFL4_230526\Logical\Libraries\runtime\runtime.typ"
    LogicalPath="Libraries.runtime.runtime.typ"
    Type="File"
    LastWriteTime="133295666447699264"
    Private="false" />
  <Object
    Path="C:\Users\loup.sonneville\Documents\Github\SN2_SFL4Manitou_23\Loup SONNEVILLE\automation studio\SFL4_230526\Logical\Libraries\runtime\runtime.var"
    LogicalPath="Libraries.runtime.runtime.var"
    Type="File"
    LastWriteTime="133295666447855513"
    Private="false" />
  <Object
    Path="C:\Users\loup.sonneville\Documents\Github\SN2_SFL4Manitou_23\Loup SONNEVILLE\automation studio\SFL4_230526\Logical\Libraries\astime\binary.lby"
    LogicalPath="Libraries.astime"
    Type="Library"
    LastWriteTime="133295666457725259" />
  <Object
    Path="C:\Users\loup.sonneville\Documents\Github\SN2_SFL4Manitou_23\Loup SONNEVILLE\automation studio\SFL4_230526\Logical\Libraries\astime\astime.fun"
    LogicalPath="Libraries.astime.astime.fun"
    Type="File"
    LastWriteTime="133295666457191390"
    Private="false" />
  <Object
    Path="C:\Users\loup.sonneville\Documents\Github\SN2_SFL4Manitou_23\Loup SONNEVILLE\automation studio\SFL4_230526\Logical\Libraries\astime\astime.typ"
    LogicalPath="Libraries.astime.astime.typ"
    Type="File"
    LastWriteTime="133295666457412706"
    Private="false" />
  <Object
    Path="C:\Users\loup.sonneville\Documents\Github\SN2_SFL4Manitou_23\Loup SONNEVILLE\automation studio\SFL4_230526\Logical\Libraries\astime\astime.var"
    LogicalPath="Libraries.astime.astime.var"
    Type="File"
    LastWriteTime="133295666457569001"
    Private="false" />
  <Object
    Path="C:\Users\loup.sonneville\Documents\Github\SN2_SFL4Manitou_23\Loup SONNEVILLE\automation studio\SFL4_230526\Logical\Libraries\AsIecCon\binary.lby"
    LogicalPath="Libraries.AsIecCon"
    Type="Library"
    LastWriteTime="133295666467434485" />
  <Object
    Path="C:\Users\loup.sonneville\Documents\Github\SN2_SFL4Manitou_23\Loup SONNEVILLE\automation studio\SFL4_230526\Logical\Libraries\AsIecCon\AsIecCon.fun"
    LogicalPath="Libraries.AsIecCon.AsIecCon.fun"
    Type="File"
    LastWriteTime="133295666467056849"
    Private="false" />
  <Object
    Path="C:\Users\loup.sonneville\Documents\Github\SN2_SFL4Manitou_23\Loup SONNEVILLE\automation studio\SFL4_230526\Logical\Libraries\AsIecCon\AsIecCon.typ"
    LogicalPath="Libraries.AsIecCon.AsIecCon.typ"
    Type="File"
    LastWriteTime="133295666467369342"
    Private="false" />
  <Object
    Path="C:\Users\loup.sonneville\Documents\Github\SN2_SFL4Manitou_23\Loup SONNEVILLE\automation studio\SFL4_230526\Logical\Libraries\AsIecCon\AsIecCon.var"
    LogicalPath="Libraries.AsIecCon.AsIecCon.var"
    Type="File"
    LastWriteTime="133295666467434485"
    Private="false" />
  <Object
    Path="C:\Users\loup.sonneville\Documents\Github\SN2_SFL4Manitou_23\Loup SONNEVILLE\automation studio\SFL4_230526\Logical\Libraries\MpDatabase\Binary.lby"
    LogicalPath="Libraries.MpDatabase"
    Type="Library"
    LastWriteTime="133295671950788285" />
  <Object
    Path="C:\Users\loup.sonneville\Documents\Github\SN2_SFL4Manitou_23\Loup SONNEVILLE\automation studio\SFL4_230526\Logical\Libraries\MpDatabase\MpDatabase.typ"
    LogicalPath="Libraries.MpDatabase.MpDatabase.typ"
    Type="File"
    LastWriteTime="133295671950475799"
    Private="false" />
  <Object
    Path="C:\Users\loup.sonneville\Documents\Github\SN2_SFL4Manitou_23\Loup SONNEVILLE\automation studio\SFL4_230526\Logical\Libraries\MpDatabase\MpDatabaseError.typ"
    LogicalPath="Libraries.MpDatabase.MpDatabaseError.typ"
    Type="File"
    LastWriteTime="133295671950632040"
    Private="false" />
  <Object
    Path="C:\Users\loup.sonneville\Documents\Github\SN2_SFL4Manitou_23\Loup SONNEVILLE\automation studio\SFL4_230526\Logical\Libraries\MpDatabase\MpDatabase.fun"
    LogicalPath="Libraries.MpDatabase.MpDatabase.fun"
    Type="File"
    LastWriteTime="133295671950632040"
    Private="false" />
  <Object
    Path="C:\Users\loup.sonneville\Documents\Github\SN2_SFL4Manitou_23\Loup SONNEVILLE\automation studio\SFL4_230526\Logical\Libraries\MpBase\Binary.lby"
    LogicalPath="Libraries.MpBase"
    Type="Library"
    LastWriteTime="133295671951634651" />
  <Object
    Path="C:\Users\loup.sonneville\Documents\Github\SN2_SFL4Manitou_23\Loup SONNEVILLE\automation studio\SFL4_230526\Logical\Libraries\MpBase\MpBase.typ"
    LogicalPath="Libraries.MpBase.MpBase.typ"
    Type="File"
    LastWriteTime="133295671951478386"
    Private="false" />
  <Object
    Path="C:\Users\loup.sonneville\Documents\Github\SN2_SFL4Manitou_23\Loup SONNEVILLE\automation studio\SFL4_230526\Logical\Libraries\MpBase\MpBase.var"
    LogicalPath="Libraries.MpBase.MpBase.var"
    Type="File"
    LastWriteTime="133295671951478386"
    Private="false" />
  <Object
    Path="C:\Users\loup.sonneville\Documents\Github\SN2_SFL4Manitou_23\Loup SONNEVILLE\automation studio\SFL4_230526\Logical\Libraries\MpBase\MpBase.fun"
    LogicalPath="Libraries.MpBase.MpBase.fun"
    Type="File"
    LastWriteTime="133295671951478386"
    Private="false" />
  <Object
    Path="C:\Users\loup.sonneville\Documents\Github\SN2_SFL4Manitou_23\Loup SONNEVILLE\automation studio\SFL4_230526\Logical\Libraries\MpBase\Common_EventLog.tmx"
    LogicalPath="Libraries.MpBase.Common_EventLog.tmx"
    Type="File"
    LastWriteTime="133295671951634651"
    Private="false" />
  <Object
    Path="C:\Users\loup.sonneville\Documents\Github\SN2_SFL4Manitou_23\Loup SONNEVILLE\automation studio\SFL4_230526\Logical\Libraries\AsHttp\binary.lby"
    LogicalPath="Libraries.AsHttp"
    Type="Library"
    LastWriteTime="133295671953014855" />
  <Object
    Path="C:\Users\loup.sonneville\Documents\Github\SN2_SFL4Manitou_23\Loup SONNEVILLE\automation studio\SFL4_230526\Logical\Libraries\AsHttp\AsHttp.fun"
    LogicalPath="Libraries.AsHttp.AsHttp.fun"
    Type="File"
    LastWriteTime="133295671952481008"
    Private="false" />
  <Object
    Path="C:\Users\loup.sonneville\Documents\Github\SN2_SFL4Manitou_23\Loup SONNEVILLE\automation studio\SFL4_230526\Logical\Libraries\AsHttp\AsHttp.typ"
    LogicalPath="Libraries.AsHttp.AsHttp.typ"
    Type="File"
    LastWriteTime="133295671952858559"
    Private="false" />
  <Object
    Path="C:\Users\loup.sonneville\Documents\Github\SN2_SFL4Manitou_23\Loup SONNEVILLE\automation studio\SFL4_230526\Logical\Libraries\AsHttp\AsHttp.var"
    LogicalPath="Libraries.AsHttp.AsHttp.var"
    Type="File"
    LastWriteTime="133295671952858559"
    Private="false" />
  <Object
    Path="C:\Users\loup.sonneville\Documents\Github\SN2_SFL4Manitou_23\Loup SONNEVILLE\automation studio\SFL4_230526\Logical\Program\IEC.prg"
    LogicalPath="Program"
    Type="Program"
    LastWriteTime="133295673274489110" />
  <Object
    Path="C:\Users\loup.sonneville\Documents\Github\SN2_SFL4Manitou_23\Loup SONNEVILLE\automation studio\SFL4_230526\Logical\Program\Cyclic.ld"
    LogicalPath="Program.Cyclic.ld"
    Type="File"
    LastWriteTime="133295674225367918"
    Private="false" />
  <Object
    Path="C:\Users\loup.sonneville\Documents\Github\SN2_SFL4Manitou_23\Loup SONNEVILLE\automation studio\SFL4_230526\Logical\Program\Init.ld"
    LogicalPath="Program.Init.ld"
    Type="File"
    LastWriteTime="133295674226214175"
    Private="false" />
  <Object
    Path="C:\Users\loup.sonneville\Documents\Github\SN2_SFL4Manitou_23\Loup SONNEVILLE\automation studio\SFL4_230526\Logical\Program\Exit.ld"
    LogicalPath="Program.Exit.ld"
    Type="File"
    LastWriteTime="133295674193278343"
    Private="false" />
  <Object
    Path="C:\Users\loup.sonneville\Documents\Github\SN2_SFL4Manitou_23\Loup SONNEVILLE\automation studio\SFL4_230526\Logical\Program\Types.typ"
    LogicalPath="Program.Types.typ"
    Type="File"
    LastWriteTime="133295673274332865"
    Private="true" />
  <Object
    Path="C:\Users\loup.sonneville\Documents\Github\SN2_SFL4Manitou_23\Loup SONNEVILLE\automation studio\SFL4_230526\Logical\Program\Variables.var"
    LogicalPath="Program.Variables.var"
    Type="File"
    LastWriteTime="133295677958208374"
    Private="true" />
  <Object
    Path="C:\Users\loup.sonneville\Documents\Github\SN2_SFL4Manitou_23\Loup SONNEVILLE\automation studio\SFL4_230526\Physical\Config1\Config.pkg"
    LogicalPath="Config1"
    Type="Configuration.ParentUnknown"
    LastWriteTime="133295666545606523" />
  <Object
    Path="C:\Users\loup.sonneville\Documents\Github\SN2_SFL4Manitou_23\Loup SONNEVILLE\automation studio\SFL4_230526\Physical\Config1\Hardware.hw"
    LogicalPath="Config1.Hardware.hw"
    Type="File"
    LastWriteTime="133295666532560117"
    Private="false" />
  <Object
    Path="C:\Users\loup.sonneville\Documents\Github\SN2_SFL4Manitou_23\Loup SONNEVILLE\automation studio\SFL4_230526\Physical\Config1\Hardware.hwl"
    LogicalPath="Config1.Hardware.hwl"
    Type="File"
    LastWriteTime="133295674224209036"
    Private="false" />
  <Object
    Path="C:\Users\loup.sonneville\Documents\Github\SN2_SFL4Manitou_23\Loup SONNEVILLE\automation studio\SFL4_230526\Physical\Config1\4PPC70_0702_20B\Cpu.pkg"
    LogicalPath="Config1.4PPC70_0702_20B"
    Type="Cpu"
    LastWriteTime="133295666529708600" />
  <Object
    Path="C:\Users\loup.sonneville\Documents\Github\SN2_SFL4Manitou_23\Loup SONNEVILLE\automation studio\SFL4_230526\Physical\Config1\4PPC70_0702_20B\Cpu.sw"
    LogicalPath="Config1.4PPC70_0702_20B.Cpu.sw"
    Type="File"
    LastWriteTime="133295673275179204"
    Private="false" />
  <Object
    Path="C:\Users\loup.sonneville\Documents\Github\SN2_SFL4Manitou_23\Loup SONNEVILLE\automation studio\SFL4_230526\Physical\Config1\4PPC70_0702_20B\Cpu.per"
    LogicalPath="Config1.4PPC70_0702_20B.Cpu.per"
    Type="File"
    LastWriteTime="133295666472070112"
    Private="false" />
  <Object
    Path="C:\Users\loup.sonneville\Documents\Github\SN2_SFL4Manitou_23\Loup SONNEVILLE\automation studio\SFL4_230526\Physical\Config1\4PPC70_0702_20B\IoMap.iom"
    LogicalPath="Config1.4PPC70_0702_20B.IoMap.iom"
    Type="File"
    LastWriteTime="133295666472070112"
    Private="false" />
  <Object
    Path="C:\Users\loup.sonneville\Documents\Github\SN2_SFL4Manitou_23\Loup SONNEVILLE\automation studio\SFL4_230526\Physical\Config1\4PPC70_0702_20B\PvMap.vvm"
    LogicalPath="Config1.4PPC70_0702_20B.PvMap.vvm"
    Type="File"
    LastWriteTime="133295666472226477"
    Private="false" />
  <Object
    Path="C:\Users\loup.sonneville\Documents\Github\SN2_SFL4Manitou_23\Loup SONNEVILLE\automation studio\SFL4_230526\Physical\Config1\4PPC70_0702_20B\Connectivity\Package.pkg"
    LogicalPath="Config1.4PPC70_0702_20B.Connectivity"
    Type="Package"
    LastWriteTime="133295666473072720" />
  <Object
    Path="C:\Users\loup.sonneville\Documents\Github\SN2_SFL4Manitou_23\Loup SONNEVILLE\automation studio\SFL4_230526\Physical\Config1\4PPC70_0702_20B\Connectivity\OpcUA\Package.pkg"
    LogicalPath="Config1.4PPC70_0702_20B.Connectivity.OpcUA"
    Type="Package"
    LastWriteTime="133295666472916464" />
  <Object
    Path="C:\Users\loup.sonneville\Documents\Github\SN2_SFL4Manitou_23\Loup SONNEVILLE\automation studio\SFL4_230526\Physical\Config1\4PPC70_0702_20B\TextSystem\Package.pkg"
    LogicalPath="Config1.4PPC70_0702_20B.TextSystem"
    Type="Package"
    LastWriteTime="133295666473228950" />
  <Object
    Path="C:\Users\loup.sonneville\Documents\Github\SN2_SFL4Manitou_23\Loup SONNEVILLE\automation studio\SFL4_230526\Physical\Config1\4PPC70_0702_20B\UnitSystem\Package.pkg"
    LogicalPath="Config1.4PPC70_0702_20B.UnitSystem"
    Type="Package"
    LastWriteTime="133295666473450262" />
  <Object
    Path="C:\Users\loup.sonneville\Documents\Github\SN2_SFL4Manitou_23\Loup SONNEVILLE\automation studio\SFL4_230526\Physical\Config1\4PPC70_0702_20B\AccessAndSecurity\Package.pkg"
    LogicalPath="Config1.4PPC70_0702_20B.AccessAndSecurity"
    Type="Package"
    LastWriteTime="133295666475611734" />
  <Object
    Path="C:\Users\loup.sonneville\Documents\Github\SN2_SFL4Manitou_23\Loup SONNEVILLE\automation studio\SFL4_230526\Physical\Config1\4PPC70_0702_20B\AccessAndSecurity\UserRoleSystem\Package.pkg"
    LogicalPath="Config1.4PPC70_0702_20B.AccessAndSecurity.UserRoleSystem"
    Type="Package"
    LastWriteTime="133295666473919047" />
  <Object
    Path="C:\Users\loup.sonneville\Documents\Github\SN2_SFL4Manitou_23\Loup SONNEVILLE\automation studio\SFL4_230526\Physical\Config1\4PPC70_0702_20B\AccessAndSecurity\UserRoleSystem\Role.role"
    LogicalPath="Config1.4PPC70_0702_20B.AccessAndSecurity.UserRoleSystem.Role.role"
    Type="File"
    LastWriteTime="133295666473762820"
    Private="false" />
  <Object
    Path="C:\Users\loup.sonneville\Documents\Github\SN2_SFL4Manitou_23\Loup SONNEVILLE\automation studio\SFL4_230526\Physical\Config1\4PPC70_0702_20B\AccessAndSecurity\UserRoleSystem\User.user"
    LogicalPath="Config1.4PPC70_0702_20B.AccessAndSecurity.UserRoleSystem.User.user"
    Type="File"
    LastWriteTime="133295666473919047"
    Private="false" />
  <Object
    Path="C:\Users\loup.sonneville\Documents\Github\SN2_SFL4Manitou_23\Loup SONNEVILLE\automation studio\SFL4_230526\Physical\Config1\4PPC70_0702_20B\AccessAndSecurity\CertificateStore\Package.pkg"
    LogicalPath="Config1.4PPC70_0702_20B.AccessAndSecurity.CertificateStore"
    Type="Package"
    LastWriteTime="133295666475077893" />
  <Object
    Path="C:\Users\loup.sonneville\Documents\Github\SN2_SFL4Manitou_23\Loup SONNEVILLE\automation studio\SFL4_230526\Physical\Config1\4PPC70_0702_20B\AccessAndSecurity\CertificateStore\OwnCertificates\Package.pkg"
    LogicalPath="Config1.4PPC70_0702_20B.AccessAndSecurity.CertificateStore.OwnCertificates"
    Type="Package"
    LastWriteTime="133295666474452863" />
  <Object
    Path="C:\Users\loup.sonneville\Documents\Github\SN2_SFL4Manitou_23\Loup SONNEVILLE\automation studio\SFL4_230526\Physical\Config1\4PPC70_0702_20B\AccessAndSecurity\CertificateStore\OwnCertificates\Certificates\Package.pkg"
    LogicalPath="Config1.4PPC70_0702_20B.AccessAndSecurity.CertificateStore.OwnCertificates.Certificates"
    Type="Package"
    LastWriteTime="133295666474387783" />
  <Object
    Path="C:\Users\loup.sonneville\Documents\Github\SN2_SFL4Manitou_23\Loup SONNEVILLE\automation studio\SFL4_230526\Physical\Config1\4PPC70_0702_20B\AccessAndSecurity\CertificateStore\OwnCertificates\PrivateKeys\Package.pkg"
    LogicalPath="Config1.4PPC70_0702_20B.AccessAndSecurity.CertificateStore.OwnCertificates.PrivateKeys"
    Type="Package"
    LastWriteTime="133295666474452863" />
  <Object
    Path="C:\Users\loup.sonneville\Documents\Github\SN2_SFL4Manitou_23\Loup SONNEVILLE\automation studio\SFL4_230526\Physical\Config1\4PPC70_0702_20B\AccessAndSecurity\CertificateStore\ThirdPartyCertificates\Package.pkg"
    LogicalPath="Config1.4PPC70_0702_20B.AccessAndSecurity.CertificateStore.ThirdPartyCertificates"
    Type="Package"
    LastWriteTime="133295666474765413" />
  <Object
    Path="C:\Users\loup.sonneville\Documents\Github\SN2_SFL4Manitou_23\Loup SONNEVILLE\automation studio\SFL4_230526\Physical\Config1\4PPC70_0702_20B\AccessAndSecurity\CertificateStore\ThirdPartyCertificates\SoftwareCertificates\Package.pkg"
    LogicalPath="Config1.4PPC70_0702_20B.AccessAndSecurity.CertificateStore.ThirdPartyCertificates.SoftwareCertificates"
    Type="Package"
    LastWriteTime="133295666474765413" />
  <Object
    Path="C:\Users\loup.sonneville\Documents\Github\SN2_SFL4Manitou_23\Loup SONNEVILLE\automation studio\SFL4_230526\Physical\Config1\4PPC70_0702_20B\AccessAndSecurity\CertificateStore\CertificateRevocationLists\Package.pkg"
    LogicalPath="Config1.4PPC70_0702_20B.AccessAndSecurity.CertificateStore.CertificateRevocationLists"
    Type="Package"
    LastWriteTime="133295666474921653" />
  <Object
    Path="C:\Users\loup.sonneville\Documents\Github\SN2_SFL4Manitou_23\Loup SONNEVILLE\automation studio\SFL4_230526\Physical\Config1\4PPC70_0702_20B\AccessAndSecurity\CertificateStore\CertificateSigningRequests\Package.pkg"
    LogicalPath="Config1.4PPC70_0702_20B.AccessAndSecurity.CertificateStore.CertificateSigningRequests"
    Type="Package"
    LastWriteTime="133295666475077893" />
  <Object
    Path="C:\Users\loup.sonneville\Documents\Github\SN2_SFL4Manitou_23\Loup SONNEVILLE\automation studio\SFL4_230526\Physical\Config1\4PPC70_0702_20B\AccessAndSecurity\TransportLayerSecurity\Package.pkg"
    LogicalPath="Config1.4PPC70_0702_20B.AccessAndSecurity.TransportLayerSecurity"
    Type="Package"
    LastWriteTime="133295666475234140" />
  <Object
    Path="C:\Users\loup.sonneville\Documents\Github\SN2_SFL4Manitou_23\Loup SONNEVILLE\automation studio\SFL4_230526\Physical\Config1\4PPC70_0702_20B\AccessAndSecurity\Firewall\Package.pkg"
    LogicalPath="Config1.4PPC70_0702_20B.AccessAndSecurity.Firewall"
    Type="Package"
    LastWriteTime="133295666475455438" />
  <Object
    Path="C:\Users\loup.sonneville\Documents\Github\SN2_SFL4Manitou_23\Loup SONNEVILLE\automation studio\SFL4_230526\Physical\Config1\4PPC70_0702_20B\AccessAndSecurity\Firewall\Rules.firewallRules"
    LogicalPath="Config1.4PPC70_0702_20B.AccessAndSecurity.Firewall.Rules.firewallRules"
    Type="File"
    LastWriteTime="133295666475455438"
    Private="false" />
  <Object
    Path="C:\Users\loup.sonneville\Documents\Github\SN2_SFL4Manitou_23\Loup SONNEVILLE\automation studio\SFL4_230526\Physical\Config1\4PPC70_0702_20B\mappControl\Package.pkg"
    LogicalPath="Config1.4PPC70_0702_20B.mappControl"
    Type="Package"
    LastWriteTime="133295666475767976" />
  <Object
    Path="C:\Users\loup.sonneville\Documents\Github\SN2_SFL4Manitou_23\Loup SONNEVILLE\automation studio\SFL4_230526\Physical\Config1\4PPC70_0702_20B\mappMotion\Package.pkg"
    LogicalPath="Config1.4PPC70_0702_20B.mappMotion"
    Type="Package"
    LastWriteTime="133295666475924227" />
  <Object
    Path="C:\Users\loup.sonneville\Documents\Github\SN2_SFL4Manitou_23\Loup SONNEVILLE\automation studio\SFL4_230526\Physical\Config1\4PPC70_0702_20B\mappServices\Package.pkg"
    LogicalPath="Config1.4PPC70_0702_20B.mappServices"
    Type="Package"
    LastWriteTime="133295671854949281" />
  <Object
    Path="C:\Users\loup.sonneville\Documents\Github\SN2_SFL4Manitou_23\Loup SONNEVILLE\automation studio\SFL4_230526\Physical\Config1\4PPC70_0702_20B\mappServices\Config.mpdatabasecore"
    LogicalPath="Config1.4PPC70_0702_20B.mappServices.Config.mpdatabasecore"
    Type="File"
    LastWriteTime="133295672872751195"
    Private="false" />
  <Object
    Path="C:\Users\loup.sonneville\Documents\Github\SN2_SFL4Manitou_23\Loup SONNEVILLE\automation studio\SFL4_230526\Physical\Config1\4PPC70_0702_20B\mappSafety\Package.pkg"
    LogicalPath="Config1.4PPC70_0702_20B.mappSafety"
    Type="Package"
    LastWriteTime="133295666476614319" />
  <Object
    Path="C:\Users\loup.sonneville\Documents\Github\SN2_SFL4Manitou_23\Loup SONNEVILLE\automation studio\SFL4_230526\Physical\Config1\4PPC70_0702_20B\mappSafety\SafeApplication\Package.pkg"
    LogicalPath="Config1.4PPC70_0702_20B.mappSafety.SafeApplication"
    Type="Package"
    LastWriteTime="133295666476458019" />
  <Object
    Path="C:\Users\loup.sonneville\Documents\Github\SN2_SFL4Manitou_23\Loup SONNEVILLE\automation studio\SFL4_230526\Physical\Config1\4PPC70_0702_20B\mappSafety\SafeCommissioning\Package.pkg"
    LogicalPath="Config1.4PPC70_0702_20B.mappSafety.SafeCommissioning"
    Type="Package"
    LastWriteTime="133295666476614319" />
  <Object
    Path="C:\Users\loup.sonneville\Documents\Github\SN2_SFL4Manitou_23\Loup SONNEVILLE\automation studio\SFL4_230526\Physical\Config1\4PPC70_0702_20B\mappView\Package.pkg"
    LogicalPath="Config1.4PPC70_0702_20B.mappView"
    Type="Package"
    LastWriteTime="133295666476770572" />
  <Object
    Path="C:\Users\loup.sonneville\Documents\Github\SN2_SFL4Manitou_23\Loup SONNEVILLE\automation studio\SFL4_230526\Physical\Config1\4PPC70_0702_20B\mappVision\Package.pkg"
    LogicalPath="Config1.4PPC70_0702_20B.mappVision"
    Type="Package"
    LastWriteTime="133295666476926813" />
  <Object
    Path="C:\Users\loup.sonneville\Documents\Github\SN2_SFL4Manitou_23\Loup SONNEVILLE\automation studio\SFL4_230526\Physical\Config1\4PPC70_0702_20B\mappCockpit\Package.pkg"
    LogicalPath="Config1.4PPC70_0702_20B.mappCockpit"
    Type="Package"
    LastWriteTime="133295666477083060" />
  <Object
    Path="C:\Users\loup.sonneville\Documents\Github\SN2_SFL4Manitou_23\Loup SONNEVILLE\automation studio\SFL4_230526\Physical\Config1\4PPC70_0702_20B\VC\Package.pkg"
    LogicalPath="Config1.4PPC70_0702_20B.VC"
    Type="Package"
    LastWriteTime="133295666532247624" />
  <Object
    Path="C:\Users\loup.sonneville\Documents\Github\SN2_SFL4Manitou_23\Loup SONNEVILLE\automation studio\SFL4_230526\Physical\Config1\4PPC70_0702_20B\VC\4PPC70_0702_20B.dis"
    LogicalPath="Config1.4PPC70_0702_20B.VC.4PPC70_0702_20B.dis"
    Type="File"
    LastWriteTime="133295666532403873"
    Private="false" />
  <Object
    Path="C:\Users\loup.sonneville\Documents\Github\SN2_SFL4Manitou_23\Loup SONNEVILLE\automation studio\SFL4_230526\Physical\Config1\Hardware.jpg"
    LogicalPath="Config1.Hardware.jpg"
    Type="File"
    LastWriteTime="133295674224677773"
    Private="false" />
</Objects>